Arguments: 
  /usr/local/bin/node /usr/local/bin/yarn add node.js

PATH: 
  /opt/homebrew/bin:/usr/local/bin:/usr/bin:/bin:/usr/sbin:/sbin:/usr/local/share/dotnet:~/.dotnet/tools:/Library/Apple/usr/bin:/Library/Frameworks/Mono.framework/Versions/Current/Commands:/opt/homebrew/bin

Yarn version: 
  1.22.19

Node version: 
  16.15.1

Platform: 
  darwin arm64

Trace: 
  SyntaxError: /Users/jeongseunghyeon/Desktop/codecamp-backend-04/class/06-01-async-await/package.json: Unexpected string in JSON at position 98
      at JSON.parse (<anonymous>)
      at /usr/local/lib/node_modules/yarn/lib/cli.js:1629:59
      at Generator.next (<anonymous>)
      at step (/usr/local/lib/node_modules/yarn/lib/cli.js:310:30)
      at /usr/local/lib/node_modules/yarn/lib/cli.js:321:13

npm manifest: 
  {
    "name": "06-01-async-await",
    "version": "1.0.0",
    "main": "index.js",
    "license": "MIT"
    "type": "module"
    "dependencies": {
      "axios": "0.27.2"
    }
  }

yarn manifest: 
  No manifest

Lockfile: 
  No lockfile
